<?xml version="1.0" encoding="UTF-8"?>
<testng-results ignored="0" total="2" passed="2" failed="0" skipped="0">
  <reporter-output>
  </reporter-output>
  <suite started-at="2025-03-12T19:08:27 IST" name="Masster Suite" finished-at="2025-03-12T19:08:39 IST" duration-ms="11773">
    <groups>
      <group name="Master">
        <method signature="TC001_accountRegistration_Test.verify_account_registration()[pri:0, instance:testCases.TC001_accountRegistration_Test@22f31dec]" name="verify_account_registration" class="testCases.TC001_accountRegistration_Test"/>
        <method signature="TC002_LoginTest.verify_Login()[pri:0, instance:testCases.TC002_LoginTest@7f0d96f2]" name="verify_Login" class="testCases.TC002_LoginTest"/>
      </group> <!-- Master -->
      <group name="Sanity">
        <method signature="TC002_LoginTest.verify_Login()[pri:0, instance:testCases.TC002_LoginTest@7f0d96f2]" name="verify_Login" class="testCases.TC002_LoginTest"/>
      </group> <!-- Sanity -->
      <group name="Regression">
        <method signature="TC001_accountRegistration_Test.verify_account_registration()[pri:0, instance:testCases.TC001_accountRegistration_Test@22f31dec]" name="verify_account_registration" class="testCases.TC001_accountRegistration_Test"/>
      </group> <!-- Regression -->
    </groups>
    <test started-at="2025-03-12T19:08:27 IST" name="Test" finished-at="2025-03-12T19:08:39 IST" duration-ms="11773">
      <class name="testCases.TC002_LoginTest">
        <test-method is-config="true" signature="setup(java.lang.String,java.lang.String)[pri:0, instance:testCases.TC002_LoginTest@7f0d96f2]" started-at="2025-03-12T19:08:35 IST" name="setup" finished-at="2025-03-12T19:08:37 IST" duration-ms="1915" status="PASS">
          <params>
            <param index="0">
              <value>
                <![CDATA[windows]]>
              </value>
            </param>
            <param index="1">
              <value>
                <![CDATA[chrome]]>
              </value>
            </param>
          </params>
          <reporter-output>
          </reporter-output>
        </test-method> <!-- setup -->
        <test-method signature="verify_Login()[pri:0, instance:testCases.TC002_LoginTest@7f0d96f2]" started-at="2025-03-12T19:08:37 IST" name="verify_Login" finished-at="2025-03-12T19:08:39 IST" duration-ms="1561" status="PASS">
          <reporter-output>
          </reporter-output>
        </test-method> <!-- verify_Login -->
        <test-method is-config="true" signature="tearDown()[pri:0, instance:testCases.TC002_LoginTest@7f0d96f2]" started-at="2025-03-12T19:08:39 IST" name="tearDown" finished-at="2025-03-12T19:08:39 IST" duration-ms="171" status="PASS">
          <reporter-output>
          </reporter-output>
        </test-method> <!-- tearDown -->
      </class> <!-- testCases.TC002_LoginTest -->
      <class name="testCases.TC001_accountRegistration_Test">
        <test-method is-config="true" signature="setup(java.lang.String,java.lang.String)[pri:0, instance:testCases.TC001_accountRegistration_Test@22f31dec]" started-at="2025-03-12T19:08:28 IST" name="setup" finished-at="2025-03-12T19:08:33 IST" duration-ms="5949" status="PASS">
          <params>
            <param index="0">
              <value>
                <![CDATA[windows]]>
              </value>
            </param>
            <param index="1">
              <value>
                <![CDATA[chrome]]>
              </value>
            </param>
          </params>
          <reporter-output>
          </reporter-output>
        </test-method> <!-- setup -->
        <test-method signature="verify_account_registration()[pri:0, instance:testCases.TC001_accountRegistration_Test@22f31dec]" started-at="2025-03-12T19:08:33 IST" name="verify_account_registration" finished-at="2025-03-12T19:08:35 IST" duration-ms="1737" status="PASS">
          <reporter-output>
          </reporter-output>
        </test-method> <!-- verify_account_registration -->
        <test-method is-config="true" signature="tearDown()[pri:0, instance:testCases.TC001_accountRegistration_Test@22f31dec]" started-at="2025-03-12T19:08:35 IST" name="tearDown" finished-at="2025-03-12T19:08:35 IST" duration-ms="190" status="PASS">
          <reporter-output>
          </reporter-output>
        </test-method> <!-- tearDown -->
      </class> <!-- testCases.TC001_accountRegistration_Test -->
    </test> <!-- Test -->
  </suite> <!-- Masster Suite -->
</testng-results>
