<?xml version="1.0" encoding="UTF-8"?>
<testng-results ignored="0" total="2" passed="2" failed="0" skipped="0">
  <reporter-output>
  </reporter-output>
  <suite started-at="2025-03-12T14:04:39 IST" name="Masster Suite" finished-at="2025-03-12T14:04:53 IST" duration-ms="14228">
    <groups>
      <group name="Master">
        <method signature="TC001_accountRegistration_Test.verify_account_registration()[pri:0, instance:testCases.TC001_accountRegistration_Test@19fb8826]" name="verify_account_registration" class="testCases.TC001_accountRegistration_Test"/>
        <method signature="TC002_LoginTest.verify_Login()[pri:0, instance:testCases.TC002_LoginTest@66ce957f]" name="verify_Login" class="testCases.TC002_LoginTest"/>
      </group> <!-- Master -->
      <group name="Sanity">
        <method signature="TC002_LoginTest.verify_Login()[pri:0, instance:testCases.TC002_LoginTest@66ce957f]" name="verify_Login" class="testCases.TC002_LoginTest"/>
      </group> <!-- Sanity -->
      <group name="Regression">
        <method signature="TC001_accountRegistration_Test.verify_account_registration()[pri:0, instance:testCases.TC001_accountRegistration_Test@19fb8826]" name="verify_account_registration" class="testCases.TC001_accountRegistration_Test"/>
      </group> <!-- Regression -->
    </groups>
    <test started-at="2025-03-12T14:04:39 IST" name="Linux-Chrome" finished-at="2025-03-12T14:04:53 IST" duration-ms="14228">
      <class name="testCases.TC002_LoginTest">
        <test-method is-config="true" signature="setup(java.lang.String,java.lang.String)[pri:0, instance:testCases.TC002_LoginTest@66ce957f]" started-at="2025-03-12T14:04:48 IST" name="setup" finished-at="2025-03-12T14:04:51 IST" duration-ms="2775" status="PASS">
          <params>
            <param index="0">
              <value>
                <![CDATA[Linux]]>
              </value>
            </param>
            <param index="1">
              <value>
                <![CDATA[chrome]]>
              </value>
            </param>
          </params>
          <reporter-output>
          </reporter-output>
        </test-method> <!-- setup -->
        <test-method signature="verify_Login()[pri:0, instance:testCases.TC002_LoginTest@66ce957f]" started-at="2025-03-12T14:04:51 IST" name="verify_Login" finished-at="2025-03-12T14:04:53 IST" duration-ms="2314" status="PASS">
          <reporter-output>
          </reporter-output>
        </test-method> <!-- verify_Login -->
        <test-method is-config="true" signature="tearDown()[pri:0, instance:testCases.TC002_LoginTest@66ce957f]" started-at="2025-03-12T14:04:53 IST" name="tearDown" finished-at="2025-03-12T14:04:53 IST" duration-ms="141" status="PASS">
          <reporter-output>
          </reporter-output>
        </test-method> <!-- tearDown -->
      </class> <!-- testCases.TC002_LoginTest -->
      <class name="testCases.TC001_accountRegistration_Test">
        <test-method is-config="true" signature="setup(java.lang.String,java.lang.String)[pri:0, instance:testCases.TC001_accountRegistration_Test@19fb8826]" started-at="2025-03-12T14:04:39 IST" name="setup" finished-at="2025-03-12T14:04:45 IST" duration-ms="6153" status="PASS">
          <params>
            <param index="0">
              <value>
                <![CDATA[Linux]]>
              </value>
            </param>
            <param index="1">
              <value>
                <![CDATA[chrome]]>
              </value>
            </param>
          </params>
          <reporter-output>
          </reporter-output>
        </test-method> <!-- setup -->
        <test-method signature="verify_account_registration()[pri:0, instance:testCases.TC001_accountRegistration_Test@19fb8826]" started-at="2025-03-12T14:04:45 IST" name="verify_account_registration" finished-at="2025-03-12T14:04:48 IST" duration-ms="2465" status="PASS">
          <reporter-output>
          </reporter-output>
        </test-method> <!-- verify_account_registration -->
        <test-method is-config="true" signature="tearDown()[pri:0, instance:testCases.TC001_accountRegistration_Test@19fb8826]" started-at="2025-03-12T14:04:48 IST" name="tearDown" finished-at="2025-03-12T14:04:48 IST" duration-ms="134" status="PASS">
          <reporter-output>
          </reporter-output>
        </test-method> <!-- tearDown -->
      </class> <!-- testCases.TC001_accountRegistration_Test -->
    </test> <!-- Linux-Chrome -->
  </suite> <!-- Masster Suite -->
</testng-results>
